<?xml version="1.0" encoding="UTF-8"?>
<testng-results skipped="0" failed="1" ignored="0" total="9" passed="8">
  <reporter-output>
  </reporter-output>
  <suite name="Free CRM Application Test Automation Test Suite" duration-ms="83743" started-at="2021-08-06T11:07:35 CDT" finished-at="2021-08-06T11:08:59 CDT">
    <groups>
    </groups>
    <test name="Free CRM App Test Cases" duration-ms="83743" started-at="2021-08-06T11:07:35 CDT" finished-at="2021-08-06T11:08:59 CDT">
      <class name="com.crm.qa.testcases.HomePageTest">
        <test-method status="PASS" signature="setup()[pri:0, instance:com.crm.qa.testcases.HomePageTest@12f41634]" name="setup" is-config="true" duration-ms="6910" started-at="2021-08-06T11:07:56 CDT" finished-at="2021-08-06T11:08:03 CDT">
          <reporter-output>
          </reporter-output>
        </test-method> <!-- setup -->
        <test-method status="PASS" signature="validateHomePageTitleTest()[pri:1, instance:com.crm.qa.testcases.HomePageTest@12f41634]" name="validateHomePageTitleTest" duration-ms="11" started-at="2021-08-06T11:08:03 CDT" finished-at="2021-08-06T11:08:03 CDT">
          <reporter-output>
          </reporter-output>
        </test-method> <!-- validateHomePageTitleTest -->
        <test-method status="PASS" signature="tearDown()[pri:0, instance:com.crm.qa.testcases.HomePageTest@12f41634]" name="tearDown" is-config="true" duration-ms="823" started-at="2021-08-06T11:08:03 CDT" finished-at="2021-08-06T11:08:04 CDT">
          <reporter-output>
          </reporter-output>
        </test-method> <!-- tearDown -->
        <test-method status="PASS" signature="setup()[pri:0, instance:com.crm.qa.testcases.HomePageTest@12f41634]" name="setup" is-config="true" duration-ms="6724" started-at="2021-08-06T11:08:04 CDT" finished-at="2021-08-06T11:08:11 CDT">
          <reporter-output>
          </reporter-output>
        </test-method> <!-- setup -->
        <test-method status="PASS" signature="validateUserLabelTest()[pri:2, instance:com.crm.qa.testcases.HomePageTest@12f41634]" name="validateUserLabelTest" duration-ms="153" started-at="2021-08-06T11:08:11 CDT" finished-at="2021-08-06T11:08:11 CDT">
          <reporter-output>
          </reporter-output>
        </test-method> <!-- validateUserLabelTest -->
        <test-method status="PASS" signature="tearDown()[pri:0, instance:com.crm.qa.testcases.HomePageTest@12f41634]" name="tearDown" is-config="true" duration-ms="838" started-at="2021-08-06T11:08:11 CDT" finished-at="2021-08-06T11:08:12 CDT">
          <reporter-output>
          </reporter-output>
        </test-method> <!-- tearDown -->
        <test-method status="PASS" signature="setup()[pri:0, instance:com.crm.qa.testcases.HomePageTest@12f41634]" name="setup" is-config="true" duration-ms="7601" started-at="2021-08-06T11:08:12 CDT" finished-at="2021-08-06T11:08:19 CDT">
          <reporter-output>
          </reporter-output>
        </test-method> <!-- setup -->
        <test-method status="PASS" signature="validateContactsTabTest()[pri:3, instance:com.crm.qa.testcases.HomePageTest@12f41634]" name="validateContactsTabTest" duration-ms="850" started-at="2021-08-06T11:08:19 CDT" finished-at="2021-08-06T11:08:20 CDT">
          <reporter-output>
          </reporter-output>
        </test-method> <!-- validateContactsTabTest -->
        <test-method status="PASS" signature="tearDown()[pri:0, instance:com.crm.qa.testcases.HomePageTest@12f41634]" name="tearDown" is-config="true" duration-ms="835" started-at="2021-08-06T11:08:20 CDT" finished-at="2021-08-06T11:08:21 CDT">
          <reporter-output>
          </reporter-output>
        </test-method> <!-- tearDown -->
      </class> <!-- com.crm.qa.testcases.HomePageTest -->
      <class name="com.crm.qa.testcases.ContactsPageTest">
        <test-method status="PASS" signature="setup()[pri:0, instance:com.crm.qa.testcases.ContactsPageTest@262b2c86]" name="setup" is-config="true" duration-ms="7771" started-at="2021-08-06T11:08:21 CDT" finished-at="2021-08-06T11:08:29 CDT">
          <reporter-output>
          </reporter-output>
        </test-method> <!-- setup -->
        <test-method status="PASS" signature="validateContactsLabelTest()[pri:1, instance:com.crm.qa.testcases.ContactsPageTest@262b2c86]" name="validateContactsLabelTest" duration-ms="72" started-at="2021-08-06T11:08:29 CDT" finished-at="2021-08-06T11:08:29 CDT">
          <reporter-output>
          </reporter-output>
        </test-method> <!-- validateContactsLabelTest -->
        <test-method status="PASS" signature="tearDown()[pri:0, instance:com.crm.qa.testcases.ContactsPageTest@262b2c86]" name="tearDown" is-config="true" duration-ms="845" started-at="2021-08-06T11:08:29 CDT" finished-at="2021-08-06T11:08:30 CDT">
          <reporter-output>
          </reporter-output>
        </test-method> <!-- tearDown -->
        <test-method status="PASS" signature="setup()[pri:0, instance:com.crm.qa.testcases.ContactsPageTest@262b2c86]" name="setup" is-config="true" duration-ms="8905" started-at="2021-08-06T11:08:30 CDT" finished-at="2021-08-06T11:08:39 CDT">
          <reporter-output>
          </reporter-output>
        </test-method> <!-- setup -->
        <test-method status="PASS" signature="selectContacts()[pri:2, instance:com.crm.qa.testcases.ContactsPageTest@262b2c86]" name="selectContacts" duration-ms="134" started-at="2021-08-06T11:08:39 CDT" finished-at="2021-08-06T11:08:39 CDT">
          <reporter-output>
          </reporter-output>
        </test-method> <!-- selectContacts -->
        <test-method status="PASS" signature="tearDown()[pri:0, instance:com.crm.qa.testcases.ContactsPageTest@262b2c86]" name="tearDown" is-config="true" duration-ms="823" started-at="2021-08-06T11:08:39 CDT" finished-at="2021-08-06T11:08:40 CDT">
          <reporter-output>
          </reporter-output>
        </test-method> <!-- tearDown -->
        <test-method status="PASS" signature="setup()[pri:0, instance:com.crm.qa.testcases.ContactsPageTest@262b2c86]" name="setup" is-config="true" duration-ms="7808" started-at="2021-08-06T11:08:40 CDT" finished-at="2021-08-06T11:08:47 CDT">
          <reporter-output>
          </reporter-output>
        </test-method> <!-- setup -->
        <test-method status="FAIL" signature="validateNewContactTest()[pri:3, instance:com.crm.qa.testcases.ContactsPageTest@262b2c86]" name="validateNewContactTest" duration-ms="10618" started-at="2021-08-06T11:08:47 CDT" finished-at="2021-08-06T11:08:58 CDT">
          <exception class="org.openqa.selenium.NoSuchElementException">
            <message>
              <![CDATA[no such element: Unable to locate element: {"method":"css selector","selector":"*[name='title']"}
  (Session info: chrome=92.0.4515.131)
For documentation on this error, please visit: http://seleniumhq.org/exceptions/no_such_element.html
Build info: version: '3.141.5', revision: 'd54ebd709a', time: '2018-11-06T11:42:16'
System info: host: 'HOME', ip: '192.168.56.1', os.name: 'Windows 10', os.arch: 'amd64', os.version: '10.0', java.version: '1.8.0_171'
Driver info: org.openqa.selenium.chrome.ChromeDriver
Capabilities {acceptInsecureCerts: false, browserName: chrome, browserVersion: 92.0.4515.131, chrome: {chromedriverVersion: 92.0.4515.107 (87a818b10553..., userDataDir: C:\Users\Vishal\AppData\Loc...}, goog:chromeOptions: {debuggerAddress: localhost:64055}, javascriptEnabled: true, networkConnectionEnabled: false, pageLoadStrategy: normal, platform: WINDOWS, platformName: WINDOWS, proxy: Proxy(), setWindowRect: true, strictFileInteractability: false, timeouts: {implicit: 0, pageLoad: 300000, script: 30000}, unhandledPromptBehavior: dismiss and notify, webauthn:extension:credBlob: true, webauthn:extension:largeBlob: true, webauthn:virtualAuthenticators: true}
Session ID: 4ec32afbdb16da0a9e2c6dcac271dcd0
*** Element info: {Using=name, value=title}]]>
            </message>
            <full-stacktrace>
              <![CDATA[org.openqa.selenium.NoSuchElementException: no such element: Unable to locate element: {"method":"css selector","selector":"*[name='title']"}
  (Session info: chrome=92.0.4515.131)
For documentation on this error, please visit: http://seleniumhq.org/exceptions/no_such_element.html
Build info: version: '3.141.5', revision: 'd54ebd709a', time: '2018-11-06T11:42:16'
System info: host: 'HOME', ip: '192.168.56.1', os.name: 'Windows 10', os.arch: 'amd64', os.version: '10.0', java.version: '1.8.0_171'
Driver info: org.openqa.selenium.chrome.ChromeDriver
Capabilities {acceptInsecureCerts: false, browserName: chrome, browserVersion: 92.0.4515.131, chrome: {chromedriverVersion: 92.0.4515.107 (87a818b10553..., userDataDir: C:\Users\Vishal\AppData\Loc...}, goog:chromeOptions: {debuggerAddress: localhost:64055}, javascriptEnabled: true, networkConnectionEnabled: false, pageLoadStrategy: normal, platform: WINDOWS, platformName: WINDOWS, proxy: Proxy(), setWindowRect: true, strictFileInteractability: false, timeouts: {implicit: 0, pageLoad: 300000, script: 30000}, unhandledPromptBehavior: dismiss and notify, webauthn:extension:credBlob: true, webauthn:extension:largeBlob: true, webauthn:virtualAuthenticators: true}
Session ID: 4ec32afbdb16da0a9e2c6dcac271dcd0
*** Element info: {Using=name, value=title}
at sun.reflect.NativeConstructorAccessorImpl.newInstance0(Native Method)
at sun.reflect.NativeConstructorAccessorImpl.newInstance(NativeConstructorAccessorImpl.java:62)
at sun.reflect.DelegatingConstructorAccessorImpl.newInstance(DelegatingConstructorAccessorImpl.java:45)
at java.lang.reflect.Constructor.newInstance(Constructor.java:423)
at org.openqa.selenium.remote.http.W3CHttpResponseCodec.createException(W3CHttpResponseCodec.java:187)
at org.openqa.selenium.remote.http.W3CHttpResponseCodec.decode(W3CHttpResponseCodec.java:122)
at org.openqa.selenium.remote.http.W3CHttpResponseCodec.decode(W3CHttpResponseCodec.java:49)
at org.openqa.selenium.remote.HttpCommandExecutor.execute(HttpCommandExecutor.java:158)
at org.openqa.selenium.remote.service.DriverCommandExecutor.execute(DriverCommandExecutor.java:83)
at org.openqa.selenium.remote.RemoteWebDriver.execute(RemoteWebDriver.java:552)
at org.openqa.selenium.remote.RemoteWebDriver.findElement(RemoteWebDriver.java:323)
at org.openqa.selenium.remote.RemoteWebDriver.findElementByName(RemoteWebDriver.java:404)
at org.openqa.selenium.By$ByName.findElement(By.java:284)
at org.openqa.selenium.remote.RemoteWebDriver.findElement(RemoteWebDriver.java:315)
at sun.reflect.GeneratedMethodAccessor4.invoke(Unknown Source)
at sun.reflect.DelegatingMethodAccessorImpl.invoke(DelegatingMethodAccessorImpl.java:43)
at java.lang.reflect.Method.invoke(Method.java:498)
at org.openqa.selenium.support.events.EventFiringWebDriver.lambda$new$1(EventFiringWebDriver.java:105)
at com.sun.proxy.$Proxy7.findElement(Unknown Source)
at org.openqa.selenium.support.events.EventFiringWebDriver.findElement(EventFiringWebDriver.java:194)
at com.crm.qa.pages.ContactsPage.createNewContact(ContactsPage.java:53)
at com.crm.qa.testcases.ContactsPageTest.validateNewContactTest(ContactsPageTest.java:48)
at sun.reflect.NativeMethodAccessorImpl.invoke0(Native Method)
at sun.reflect.NativeMethodAccessorImpl.invoke(NativeMethodAccessorImpl.java:62)
at sun.reflect.DelegatingMethodAccessorImpl.invoke(DelegatingMethodAccessorImpl.java:43)
at java.lang.reflect.Method.invoke(Method.java:498)
at org.testng.internal.MethodInvocationHelper.invokeMethod(MethodInvocationHelper.java:133)
at org.testng.internal.TestInvoker.invokeMethod(TestInvoker.java:598)
at org.testng.internal.TestInvoker.invokeTestMethod(TestInvoker.java:173)
at org.testng.internal.MethodRunner.runInSequence(MethodRunner.java:46)
at org.testng.internal.TestInvoker$MethodInvocationAgent.invoke(TestInvoker.java:824)
at org.testng.internal.TestInvoker.invokeTestMethods(TestInvoker.java:146)
at org.testng.internal.TestMethodWorker.invokeTestMethods(TestMethodWorker.java:146)
at org.testng.internal.TestMethodWorker.run(TestMethodWorker.java:128)
at java.util.ArrayList.forEach(ArrayList.java:1257)
at org.testng.TestRunner.privateRun(TestRunner.java:794)
at org.testng.TestRunner.run(TestRunner.java:596)
at org.testng.SuiteRunner.runTest(SuiteRunner.java:377)
at org.testng.SuiteRunner.runSequentially(SuiteRunner.java:371)
at org.testng.SuiteRunner.privateRun(SuiteRunner.java:332)
at org.testng.SuiteRunner.run(SuiteRunner.java:276)
at org.testng.SuiteRunnerWorker.runSuite(SuiteRunnerWorker.java:53)
at org.testng.SuiteRunnerWorker.run(SuiteRunnerWorker.java:96)
at org.testng.TestNG.runSuitesSequentially(TestNG.java:1212)
at org.testng.TestNG.runSuitesLocally(TestNG.java:1134)
at org.testng.TestNG.runSuites(TestNG.java:1063)
at org.testng.TestNG.run(TestNG.java:1031)
at org.testng.remote.AbstractRemoteTestNG.run(AbstractRemoteTestNG.java:115)
at org.testng.remote.RemoteTestNG.initAndRun(RemoteTestNG.java:251)
at org.testng.remote.RemoteTestNG.main(RemoteTestNG.java:77)
]]>
            </full-stacktrace>
          </exception> <!-- org.openqa.selenium.NoSuchElementException -->
          <reporter-output>
          </reporter-output>
        </test-method> <!-- validateNewContactTest -->
        <test-method status="PASS" signature="tearDown()[pri:0, instance:com.crm.qa.testcases.ContactsPageTest@262b2c86]" name="tearDown" is-config="true" duration-ms="856" started-at="2021-08-06T11:08:58 CDT" finished-at="2021-08-06T11:08:59 CDT">
          <reporter-output>
          </reporter-output>
        </test-method> <!-- tearDown -->
      </class> <!-- com.crm.qa.testcases.ContactsPageTest -->
      <class name="com.crm.qa.testcases.LoginPageTest">
        <test-method status="PASS" signature="setUp()[pri:0, instance:com.crm.qa.testcases.LoginPageTest@6f195bc3]" name="setUp" is-config="true" duration-ms="6848" started-at="2021-08-06T11:07:35 CDT" finished-at="2021-08-06T11:07:42 CDT">
          <reporter-output>
          </reporter-output>
        </test-method> <!-- setUp -->
        <test-method status="PASS" signature="Logintest()[pri:0, instance:com.crm.qa.testcases.LoginPageTest@6f195bc3]" name="Logintest" duration-ms="2685" started-at="2021-08-06T11:07:42 CDT" finished-at="2021-08-06T11:07:45 CDT">
          <reporter-output>
          </reporter-output>
        </test-method> <!-- Logintest -->
        <test-method status="PASS" signature="tearDown()[pri:0, instance:com.crm.qa.testcases.LoginPageTest@6f195bc3]" name="tearDown" is-config="true" duration-ms="898" started-at="2021-08-06T11:07:45 CDT" finished-at="2021-08-06T11:07:46 CDT">
          <reporter-output>
          </reporter-output>
        </test-method> <!-- tearDown -->
        <test-method status="PASS" signature="setUp()[pri:0, instance:com.crm.qa.testcases.LoginPageTest@6f195bc3]" name="setUp" is-config="true" duration-ms="4284" started-at="2021-08-06T11:07:46 CDT" finished-at="2021-08-06T11:07:50 CDT">
          <reporter-output>
          </reporter-output>
        </test-method> <!-- setUp -->
        <test-method status="PASS" signature="crmlogoImageTest()[pri:0, instance:com.crm.qa.testcases.LoginPageTest@6f195bc3]" name="crmlogoImageTest" duration-ms="282" started-at="2021-08-06T11:07:50 CDT" finished-at="2021-08-06T11:07:50 CDT">
          <reporter-output>
          </reporter-output>
        </test-method> <!-- crmlogoImageTest -->
        <test-method status="PASS" signature="tearDown()[pri:0, instance:com.crm.qa.testcases.LoginPageTest@6f195bc3]" name="tearDown" is-config="true" duration-ms="959" started-at="2021-08-06T11:07:50 CDT" finished-at="2021-08-06T11:07:51 CDT">
          <reporter-output>
          </reporter-output>
        </test-method> <!-- tearDown -->
        <test-method status="PASS" signature="setUp()[pri:0, instance:com.crm.qa.testcases.LoginPageTest@6f195bc3]" name="setUp" is-config="true" duration-ms="4228" started-at="2021-08-06T11:07:51 CDT" finished-at="2021-08-06T11:07:55 CDT">
          <reporter-output>
          </reporter-output>
        </test-method> <!-- setUp -->
        <test-method status="PASS" signature="loginPageTitleTest()[pri:0, instance:com.crm.qa.testcases.LoginPageTest@6f195bc3]" name="loginPageTitleTest" duration-ms="74" started-at="2021-08-06T11:07:55 CDT" finished-at="2021-08-06T11:07:56 CDT">
          <reporter-output>
          </reporter-output>
        </test-method> <!-- loginPageTitleTest -->
        <test-method status="PASS" signature="tearDown()[pri:0, instance:com.crm.qa.testcases.LoginPageTest@6f195bc3]" name="tearDown" is-config="true" duration-ms="815" started-at="2021-08-06T11:07:56 CDT" finished-at="2021-08-06T11:07:56 CDT">
          <reporter-output>
          </reporter-output>
        </test-method> <!-- tearDown -->
      </class> <!-- com.crm.qa.testcases.LoginPageTest -->
    </test> <!-- Free CRM App Test Cases -->
  </suite> <!-- Free CRM Application Test Automation Test Suite -->
</testng-results>
